Step: build-step-credential-initializer:

{"level":"warn","ts":1550147758.795791,"logger":"fallback-logger","caller":"logging/config.go:65","msg":"Fetch GitHub commit ID from kodata failed: \"ref: refs/heads/test\" is not a valid GitHub commit ID"}
{"level":"info","ts":1550147758.7971292,"logger":"fallback-logger","caller":"creds-init/main.go:40","msg":"Credentials initialized."}
Step: build-step-git-source-0:

{"level":"warn","ts":1550147759.638673,"logger":"fallback-logger","caller":"logging/config.go:65","msg":"Fetch GitHub commit ID from kodata failed: \"ref: refs/heads/test\" is not a valid GitHub commit ID"}
{"level":"info","ts":1550147760.7825458,"logger":"fallback-logger","caller":"git-init/main.go:92","msg":"Successfully cloned \"https://github.com/jstrachan/nodey43.git\" @ \"3a031fe069696532914f9bdbd14191826fdc5f97\" in path \"/workspace\""}
Step: build-step-jenkins:

Picked up _JAVA_OPTIONS: -Xmx400m
Started
Running in Durability level: PERFORMANCE_OPTIMIZED
  17.498 [id=31]	WARNING	i.f.k.c.i.VersionUsageUtils#alert: The client is using resource type 'customresourcedefinitions' with unstable version 'v1beta1'
[Pipeline] node
Running on Jenkins in /tmp/jenkinsTests.tmp/jenkins7688047210348214807test/workspace/job
[Pipeline] {
[Pipeline] stage
[Pipeline] { (Declarative: Checkout SCM)
[Pipeline] checkout
[Pipeline] }
[Pipeline] // stage
[Pipeline] withCredentials
[Pipeline] {
[Pipeline] withEnv
[Pipeline] {
[Pipeline] stage
[Pipeline] { (CI Build and push snapshot)
Stage "CI Build and push snapshot" skipped due to when conditional
[Pipeline] }
[Pipeline] // stage
[Pipeline] stage
[Pipeline] { (Build Release)
[Pipeline] git
 > git rev-parse --is-inside-work-tree # timeout=10
Fetching changes from the remote Git repository
 > git config remote.origin.url https://github.com/jstrachan/nodey43.git # timeout=10
Fetching upstream changes from https://github.com/jstrachan/nodey43.git
 > git --version # timeout=10
 > git fetch --tags --progress https://github.com/jstrachan/nodey43.git +refs/heads/*:refs/remotes/origin/*
 > git rev-parse refs/remotes/origin/master^{commit} # timeout=10
 > git rev-parse refs/remotes/origin/origin/master^{commit} # timeout=10
Checking out Revision 3a031fe069696532914f9bdbd14191826fdc5f97 (refs/remotes/origin/master)
 > git config core.sparsecheckout # timeout=10
 > git checkout -f 3a031fe069696532914f9bdbd14191826fdc5f97
 > git branch -a -v --no-abbrev # timeout=10
 > git branch -D master # timeout=10
 > git checkout -b master 3a031fe069696532914f9bdbd14191826fdc5f97
Commit message: "Update Jenkinsfile"
First time build. Skipping changelog.
[Pipeline] sh
+ jx step next-version --filename package.json --tag
Tag v1.0.1 created and pushed to remote origin
[Pipeline] sh
+ npm install
npm notice created a lockfile as package-lock.json. You should commit this file.
npm WARN REPLACE_ME@1.0.1 No repository field.
npm WARN REPLACE_ME@1.0.1 No license field.

up to date in 0.098s
[Pipeline] sh
+ CI=true DISPLAY=:99 npm test

> REPLACE_ME@1.0.1 test /tmp/jenkinsTests.tmp/jenkins7688047210348214807test/workspace/job
> echo "no test specified" && exit 0

no test specified
[Pipeline] sh
+ cat VERSION
+ export VERSION=1.0.1
+ skaffold build -f skaffold.yaml
time="2019-02-14T12:36:42Z" level=warning msg="config version (skaffold/v1beta2) out of date: upgrading to latest (skaffold/v1beta3)"
Starting build...
Building [changeme]...
Sending build context to Docker daemon  172.5kB
Step 1/6 : FROM node:9-slim
9-slim: Pulling from library/node
5bba3ecb4cd6: Pulling fs layer
196b8e3c919d: Pulling fs layer
7d083412657b: Pulling fs layer
a88538b9cd05: Pulling fs layer
e01bd28a434b: Pulling fs layer
a88538b9cd05: Waiting
e01bd28a434b: Waiting
196b8e3c919d: Verifying Checksum
196b8e3c919d: Download complete
7d083412657b: Verifying Checksum
7d083412657b: Download complete
5bba3ecb4cd6: Verifying Checksum
5bba3ecb4cd6: Download complete
e01bd28a434b: Verifying Checksum
e01bd28a434b: Download complete
a88538b9cd05: Verifying Checksum
a88538b9cd05: Download complete
5bba3ecb4cd6: Pull complete
196b8e3c919d: Pull complete
7d083412657b: Pull complete
a88538b9cd05: Pull complete
e01bd28a434b: Pull complete
Digest: sha256:288b29c1925d65b2d7d8701f8ada201e7dcd066438c0fb4299c35dff129b893f
Status: Downloaded newer image for node:9-slim
 ---> e20bb4abe4ee
Step 2/6 : ENV PORT 8080
 ---> Running in 3aee12a11ac8
 ---> 7ba4d5fd7016
Step 3/6 : EXPOSE 8080
 ---> Running in 2862213d9cd5
 ---> 61bc16fdeb46
Step 4/6 : WORKDIR /usr/src/app
 ---> 93f129fc1c37
Step 5/6 : COPY . .
 ---> ee53357b74e9
Step 6/6 : CMD npm start
 ---> Running in fcb7b4e8c46b
 ---> 0d1fde8140eb
Successfully built 0d1fde8140eb
The push refers to a repository [10.47.250.3:5000/jstrachan/nodey43]
cfca108fd7db: Preparing
584ba5434bef: Preparing
e16c226cf2a8: Preparing
7fd597d009e4: Preparing
7c6ab5fb7059: Preparing
ed271eac23e9: Preparing
156ff16f37e4: Preparing
ed271eac23e9: Waiting
156ff16f37e4: Waiting
584ba5434bef: Pushed
7c6ab5fb7059: Pushed
cfca108fd7db: Pushed
e16c226cf2a8: Pushed
ed271eac23e9: Pushed
156ff16f37e4: Pushed
7fd597d009e4: Pushed
1.0.1: digest: sha256:cdef063bba040c54084f98a9f4c0513c300fac10cf46214602b0aab76e78cf52 size: 1786
Build complete in 23.316054304s
Starting test...
Test complete in 4.746µs
changeme -> 10.47.250.3:5000/jstrachan/nodey43:1.0.1
There is a new version (0.22.0) of skaffold available. Download it at https://storage.googleapis.com/skaffold/releases/latest/skaffold-linux-amd64

[Pipeline] sh
+ cat VERSION
+ jx step post build --image 10.47.250.3:5000/jstrachan/nodey43:1.0.1
[Pipeline] }
[Pipeline] // stage
[Pipeline] stage
[Pipeline] { (Promote to Environments)
[Pipeline] dir
Running in /tmp/jenkinsTests.tmp/jenkins7688047210348214807test/workspace/job/charts/nodey43
[Pipeline] {
[Pipeline] sh
+ cat ../../VERSION
+ jx step changelog --batch-mode --version v1.0.1
Converted /tmp/jenkinsTests.tmp/jenkins7688047210348214807test/workspace/job/charts/nodey43 to an unshallow repository
Generating change log from git ref acb72fa99bda796c960909d5d04326e163018632 => ca2db2b82cf61c648788bdeae5fa42b1a6a5e8b9
Failed to enrich commits with issues: User.jenkins.io "" is invalid: metadata.name: Required value: name or generateName is required
Failed to enrich commits with issues: User.jenkins.io "" is invalid: metadata.name: Required value: name or generateName is required
Finding issues in commit messages using git format
No release found for jstrachan/nodey43 and tag v1.0.1 so creating a new release
Updated the release information at https://github.com/jstrachan/nodey43/releases/tag/v1.0.1
generated: /tmp/jenkinsTests.tmp/jenkins7688047210348214807test/workspace/job/charts/nodey43/templates/release.yaml
Created Release nodey43-1-0-1 resource in namespace jx
Updating PipelineActivity jstrachan-nodey43-master-4 with version 1.0.1
Updated PipelineActivities jstrachan-nodey43-master-4 with release notes URL: https://github.com/jstrachan/nodey43/releases/tag/v1.0.1
[Pipeline] sh
+ jx step helm release
No $CHART_REPOSITORY defined so using the default value of: http://jenkins-x-chartmuseum:8080
Adding missing Helm repo: jenkins-x http://chartmuseum.jenkins-x.io
Successfully added Helm repository jenkins-x.
Adding missing Helm repo: releases http://jenkins-x-chartmuseum:8080
Successfully added Helm repository releases.
No $CHART_REPOSITORY defined so using the default value of: http://jenkins-x-chartmuseum:8080
Uploading chart file nodey43-1.0.1.tgz to http://jenkins-x-chartmuseum:8080/api/charts
Received 201 response: {"saved":true}
[Pipeline] sh
+ cat ../../VERSION
+ jx promote -b --all-auto --timeout 1h --version 1.0.1
prow based install so skip waiting for the merge of Pull Requests to go green as currently there is an issue with gettingstatuses from the PR, see https://github.com/jenkins-x/jx/issues/2410
Promoting app nodey43 version 1.0.1 to namespace jx-staging
Created Pull Request: https://github.com/jstrachan/environment-jstrachan-prow1-staging/pull/16

Pull Request https://github.com/jstrachan/environment-jstrachan-prow1-staging/pull/16 is merged at sha 22c0c33bed8c0d84e4096f1a14568f1ef31ff21b
Pull Request merged but we are not waiting for the update pipeline to complete!
Could not find the service URL in namespace jx-staging for names nodey43, jx-nodey43, jx-staging-nodey43
[Pipeline] }
[Pipeline] // dir
[Pipeline] }
[Pipeline] // stage
[Pipeline] }
[Pipeline] // withEnv
[Pipeline] }
[Pipeline] // withCredentials
[Pipeline] }
[Pipeline] // node
[Pipeline] End of Pipeline
Finished: SUCCESS
